<?xml version="1.0" encoding="UTF-8"?>
<testng-results skipped="0" failed="0" total="1" passed="1">
  <reporter-output>
  </reporter-output>
  <suite name="Suite" duration-ms="22991" started-at="2019-11-10T07:28:35Z" finished-at="2019-11-10T07:28:58Z">
    <groups>
    </groups>
    <test name="Test" duration-ms="22991" started-at="2019-11-10T07:28:35Z" finished-at="2019-11-10T07:28:58Z">
      <class name="Demo_Project.demoClassTest">
        <test-method status="PASS" signature="Navigate_Test()[pri:0, instance:Demo_Project.demoClassTest@5c7fa833]" name="Navigate_Test" is-config="true" duration-ms="19" started-at="2019-11-10T12:58:35Z" finished-at="2019-11-10T12:58:35Z">
          <reporter-output>
          </reporter-output>
        </test-method> <!-- Navigate_Test -->
        <test-method status="PASS" signature="lanch_browser()[pri:0, instance:Demo_Project.demoClassTest@5c7fa833]" name="lanch_browser" duration-ms="21665" started-at="2019-11-10T12:58:35Z" finished-at="2019-11-10T12:58:56Z">
          <reporter-output>
          </reporter-output>
        </test-method> <!-- lanch_browser -->
        <test-method status="PASS" signature="close_Test()[pri:0, instance:Demo_Project.demoClassTest@5c7fa833]" name="close_Test" is-config="true" duration-ms="1275" started-at="2019-11-10T12:58:56Z" finished-at="2019-11-10T12:58:58Z">
          <reporter-output>
          </reporter-output>
        </test-method> <!-- close_Test -->
      </class> <!-- Demo_Project.demoClassTest -->
    </test> <!-- Test -->
  </suite> <!-- Suite -->
</testng-results>
